2026/01/22 11:14:51 Connected to database successfully
2026/01/22 11:14:51 Server starting on port 8081
2026/01/22 11:14:51 Environment: development
2026/01/22 11:15:23 [3f8f1cef-67c8-4da9-90f0-03dcdc089167] GET /health [::1]:62130 200 375.667µs
2026/01/22 11:15:33 [e6368db5-41d7-4b86-a246-1b39cef6759d] OPTIONS /api/v1/auth/me [::1]:62140 200 44.25µs
2026/01/22 11:15:33 [1dde231b-9aa5-4f0f-8fe6-4de534f664a6] OPTIONS /api/v1/auth/me [::1]:62139 200 49.625µs
2026/01/22 11:15:33 [11e61680-b73b-4f07-bef4-6eff2d153b91] OPTIONS /api/v1/jobs/company/list [::1]:62138 200 112.875µs
2026/01/22 11:15:33 [917adcd9-2c3a-4fcf-bad4-a42b81d2380b] GET /api/v1/jobs/company/list [::1]:62139 401 264.542µs
2026/01/22 11:15:33 [3ee082dd-3e04-4616-8180-e6681651556b] GET /api/v1/auth/me [::1]:62138 401 363.916µs
2026/01/22 11:15:33 [425f14dc-cee7-4f7b-bc22-b966d1614c32] GET /api/v1/auth/me [::1]:62138 401 276.625µs
2026/01/22 11:15:35 [35958fad-e6dd-4300-ba20-2dff728da5eb] OPTIONS /api/v1/auth/login [::1]:62138 200 11.834µs
2026/01/22 11:15:35 [3b39d2b0-7399-4556-8075-46b9a157b42e] POST /api/v1/auth/login [::1]:62138 200 145.531375ms
2026/01/22 11:15:35 [e1339369-cc11-40e5-8fb7-f71bbf5c849f] OPTIONS /api/v1/company/quota [::1]:62139 200 27.666µs
2026/01/22 11:15:35 [d261c003-2c95-42bd-954b-dbfc8c51ec62] OPTIONS /api/v1/company/dashboard/stats [::1]:62138 200 33.25µs
2026/01/22 11:15:35 [d3555461-4cb5-4fb5-9677-c798438161e0] GET /api/v1/auth/me [::1]:62140 200 1.722458ms
2026/01/22 11:15:35 [cdf7d145-2533-4510-86cf-51b180a4471b] GET /api/v1/company/quota [::1]:62139 200 2.354083ms
2026/01/22 11:15:35 [9166b2ef-cd34-4dc7-baf6-39aa9cb1990b] GET /api/v1/auth/me [::1]:62140 200 1.093792ms
2026/01/22 11:15:35 [8d2e5bcb-ea63-45da-b6c7-4aa3ebfd907c] GET /api/v1/company/dashboard/stats [::1]:62138 200 26.980042ms
2026/01/22 11:15:37 [d330fe7b-71f9-4d5a-b377-378d7aaa21d6] OPTIONS /api/v1/company/chat/conversations [::1]:62138 200 16.917µs
2026/01/22 11:15:37 [c66868e2-7ad0-4244-98a8-3ae6bf504270] GET /api/v1/company/chat/conversations [::1]:62138 200 7.497792ms
2026/01/22 11:15:40 [4ec783f7-1c4b-49a6-8041-af510cf5592f] GET /api/v1/jobs/company/list [::1]:62138 200 29.339292ms
2026/01/22 11:15:45 [3202234f-a06d-49d6-bd9b-4c5e7285b23b] OPTIONS /api/v1/jobs/53 [::1]:62138 200 17.375µs
2026/01/22 11:15:45 [1dde2c00-9804-4d30-b3dc-aa5f5e98f0d1] GET /api/v1/jobs/53 [::1]:62138 200 2.803375ms
